sample.interval=20000
"gzfile" "readRDS" "installed.packages" "searchSubnet" 
"isUpToDate" "edgemode" "standardGeneric" "edgemode" ".local" "initialize" "standardGeneric" "initialize" "new" "graphNEL" "<Anonymous>" "standardGeneric" "<Anonymous>" "searchSubnet" 
"match" "elNamed" "checkAtAssignment" ".local" "initialize" "standardGeneric" "initialize" "new" "graphNEL" "<Anonymous>" "standardGeneric" "<Anonymous>" "searchSubnet" 
"getClassDef" "is" "isUpToDate" "edgemode" "standardGeneric" "edgemode" ".local" "initialize" "standardGeneric" "initialize" "new" "graphNEL" "<Anonymous>" "standardGeneric" "<Anonymous>" "searchSubnet" 
".getClassFromCache" "getClassDef" "is" "isClassDef" "isVirtualClass" "getObjectSlots" "isUpToDate" "edgemode" "standardGeneric" "edgemode" "validGraph" "validityMethod" "anyStrings" "validObject" ".local" "initialize" "standardGeneric" "initialize" "new" "graphNEL" "<Anonymous>" "standardGeneric" "<Anonymous>" "searchSubnet" 
"elNamed" "checkAtAssignment" "<Anonymous>" "standardGeneric" "<Anonymous>" "searchSubnet" 
"dim" "dim" "FUN" "vapply" "[<-.data.frame" "[<-" "searchSubnet" 
"<Anonymous>" "[[.data.frame" "[[" "[.data.frame" "[" "searchSubnet" 
"<Anonymous>" "[[.data.frame" "[[" "[.data.frame" "[" "searchSubnet" 
"match" "<Anonymous>" "standardGeneric" "<Anonymous>" "searchSubnet" 
".getClassFromCache" "getClassDef" "is" "getObjectSlots" "isUpToDate" "edgemode" "standardGeneric" "edgemode" "<Anonymous>" "standardGeneric" "<Anonymous>" "searchSubnet" 
"is.factor" "duplicated.default" "duplicated" "validGraph" "validityMethod" "anyStrings" "validObject" ".local" "initialize" "standardGeneric" "initialize" "new" "graphNEL" "<Anonymous>" "standardGeneric" "<Anonymous>" "searchSubnet" 
"acc" "standardGeneric" "acc" "<Anonymous>" "standardGeneric" "<Anonymous>" "searchSubnet" 
"apply" "is.data.frame" "colnames" "searchSubnet" 
"sys.call" "match" "%in%" "[[.data.frame" "[[" "$.data.frame" "$" "which" "[.data.frame" "[" "searchSubnet" 
"unlist" "validGraph" "validityMethod" "anyStrings" "validObject" ".local" "initialize" "standardGeneric" "initialize" "new" "graphNEL" "<Anonymous>" "standardGeneric" "<Anonymous>" "searchSubnet" 
"checkValidNodeName" ".local" "initialize" "standardGeneric" "initialize" "new" "graphNEL" "<Anonymous>" "standardGeneric" "<Anonymous>" "searchSubnet" 
"match" "possibleExtends" "is" "isUpToDate" "edgemode" "standardGeneric" "edgemode" "validGraph" "validityMethod" "anyStrings" "validObject" ".local" "initialize" "standardGeneric" "initialize" "new" "graphNEL" "<Anonymous>" "standardGeneric" "<Anonymous>" "searchSubnet" 
"@<-" ".local" "initialize" "standardGeneric" "initialize" "new" "graphNEL" "<Anonymous>" "standardGeneric" "<Anonymous>" "searchSubnet" 
"match" "FUN" "lapply" "<Anonymous>" "standardGeneric" "<Anonymous>" "searchSubnet" 
"tryCatch" "try" "validObject" ".local" "initialize" "standardGeneric" "initialize" "new" "graphNEL" "<Anonymous>" "standardGeneric" "<Anonymous>" "searchSubnet" 
"checkAtAssignment" ".local" "initialize" "standardGeneric" "initialize" "new" "graphNEL" "<Anonymous>" "standardGeneric" "<Anonymous>" "searchSubnet" 
"c" "<Anonymous>" "standardGeneric" "<Anonymous>" "searchSubnet" 
".getClassFromCache" "getClassDef" "is" "validObject" ".local" "initialize" "standardGeneric" "initialize" "new" "graphNEL" "<Anonymous>" "standardGeneric" "<Anonymous>" "searchSubnet" 
"nchar" "checkValidNodeName" ".local" "initialize" "standardGeneric" "initialize" "new" "graphNEL" "<Anonymous>" "standardGeneric" "<Anonymous>" "searchSubnet" 
"possibleExtends" "is" "isClassDef" "isVirtualClass" "getObjectSlots" "isUpToDate" "edgemode" "standardGeneric" "edgemode" "<Anonymous>" "standardGeneric" "<Anonymous>" "searchSubnet" 
"is" "slotNames" "isUpToDate" "edgemode" "standardGeneric" "edgemode" "validGraph" "validityMethod" "anyStrings" "validObject" ".local" "initialize" "standardGeneric" "initialize" "new" "graphNEL" "<Anonymous>" "standardGeneric" "<Anonymous>" "searchSubnet" 
"isUpToDate" "edgemode" "standardGeneric" "edgemode" "validGraph" "validityMethod" "anyStrings" "validObject" ".local" "initialize" "standardGeneric" "initialize" "new" "graphNEL" "<Anonymous>" "standardGeneric" "<Anonymous>" "searchSubnet" 
"FUN" "apply" "is.data.frame" "colnames" "searchSubnet" 
"acc" "standardGeneric" "acc" "<Anonymous>" "standardGeneric" "<Anonymous>" "searchSubnet" 
"lapply" ".local" "edges" "standardGeneric" "edges" "lapply" "<Anonymous>" "standardGeneric" "<Anonymous>" "searchSubnet" 
"isUpToDate" "edgemode" "standardGeneric" "edgemode" ".local" "initialize" "standardGeneric" "initialize" "new" "graphNEL" "<Anonymous>" "standardGeneric" "<Anonymous>" "searchSubnet" 
"any" "FUN" "lapply" "<Anonymous>" "standardGeneric" "<Anonymous>" "searchSubnet" 
"getClassDef" "is" "getObjectSlots" "isUpToDate" "edgemode" "standardGeneric" "edgemode" "<Anonymous>" "standardGeneric" "<Anonymous>" "searchSubnet" 
"sys.call" "match" "%in%" "[[.data.frame" "[[" "$.data.frame" "$" "which" "[.data.frame" "[" "searchSubnet" 
"is.na" "is.na" "Ops.factor" "==" "which" "[.data.frame" "[" "searchSubnet" 
"[[.data.frame" "[[" "[.data.frame" "[" "mean" "searchSubnet" 
"lapply" "sapply" ".getAllEdges" "<Anonymous>" "standardGeneric" "<Anonymous>" "searchSubnet" 
"possibleExtends" "is" "isClassDef" "isVirtualClass" "getObjectSlots" "isUpToDate" "edgemode" "standardGeneric" "edgemode" ".local" "initialize" "standardGeneric" "initialize" "new" "graphNEL" "<Anonymous>" "standardGeneric" "<Anonymous>" "searchSubnet" 
"match" "%in%" "[.data.frame" "[" "searchSubnet" 
"vapply" "[<-.data.frame" "[<-" "searchSubnet" 
".getClassFromCache" "getClassDef" "is" "isClassDef" "isVirtualClass" "getObjectSlots" "isUpToDate" "edgemode" "standardGeneric" "edgemode" "validGraph" "validityMethod" "anyStrings" "validObject" ".local" "initialize" "standardGeneric" "initialize" "new" "graphNEL" "<Anonymous>" "standardGeneric" "<Anonymous>" "searchSubnet" 
"unique.default" "unique" "searchSubnet" 
"standardGeneric" "edges" ".getAllEdges" "<Anonymous>" "standardGeneric" "<Anonymous>" "searchSubnet" 
"FUN" "lapply" "<Anonymous>" "standardGeneric" "<Anonymous>" "searchSubnet" 
"searchSubnet" 
"anyDuplicated" "[.data.frame" "[" "searchSubnet" 
".getClassFromCache" "getClassDef" "is" "slotNames" "isUpToDate" "edgemode" "standardGeneric" "edgemode" ".local" "initialize" "standardGeneric" "initialize" "new" "graphNEL" "<Anonymous>" "standardGeneric" "<Anonymous>" "searchSubnet" 
"getClassDef" "isClass" "isVirtualClass" "getObjectSlots" "isUpToDate" "edgemode" "standardGeneric" "edgemode" ".local" "initialize" "standardGeneric" "initialize" "new" "graphNEL" "<Anonymous>" "standardGeneric" "<Anonymous>" "searchSubnet" 
"is.list" ".getClassFromCache" "getClassDef" "validObject" ".local" "initialize" "standardGeneric" "initialize" "new" "graphNEL" "<Anonymous>" "standardGeneric" "<Anonymous>" "searchSubnet" 
"acc" "standardGeneric" "acc" "<Anonymous>" "standardGeneric" "<Anonymous>" "searchSubnet" 
"isVirtualClass" "getObjectSlots" "isUpToDate" "edgemode" "standardGeneric" "edgemode" ".local" "initialize" "standardGeneric" "initialize" "new" "graphNEL" "<Anonymous>" "standardGeneric" "<Anonymous>" "searchSubnet" 
"acc" "standardGeneric" "acc" "<Anonymous>" "standardGeneric" "<Anonymous>" "searchSubnet" 
"[.data.frame" "[" "searchSubnet" 
"standardGeneric" "adj" "acc" "standardGeneric" "acc" "<Anonymous>" "standardGeneric" "<Anonymous>" "searchSubnet" 
"match" "possibleExtends" "is" "isClassDef" "isVirtualClass" "getObjectSlots" "isUpToDate" "edgemode" "standardGeneric" "edgemode" ".local" "initialize" "standardGeneric" "initialize" "new" "graphNEL" "<Anonymous>" "standardGeneric" "<Anonymous>" "searchSubnet" 
"match" "possibleExtends" "is" "isUpToDate" "edgemode" "standardGeneric" "edgemode" ".local" "initialize" "standardGeneric" "initialize" "new" "graphNEL" "<Anonymous>" "standardGeneric" "<Anonymous>" "searchSubnet" 
"[.factor" "[" "[.data.frame" "[" "searchSubnet" 
"searchSubnet" 
"[[.data.frame" "[[" "[.data.frame" "[" "searchSubnet" 
"[<-.data.frame" "[<-" "searchSubnet" 
"duplicated.default" "duplicated" "edgeParser" ".local" "initialize" "standardGeneric" "initialize" "new" "graphNEL" "<Anonymous>" "standardGeneric" "<Anonymous>" "searchSubnet" 
"match" "%in%" "[[.data.frame" "[[" "$.data.frame" "$" "searchSubnet" 
"initialize" "new" "graphNEL" "<Anonymous>" "standardGeneric" "<Anonymous>" "searchSubnet" 
"sys.call" "match" "%in%" "[[.data.frame" "[[" "[.data.frame" "[" "searchSubnet" 
"[.data.frame" "[" "match" "%in%" "searchSubnet" 
"match" "%in%" "[[.data.frame" "[[" "[.data.frame" "[" "searchSubnet" 
".getClassFromCache" "getClassDef" "validObject" ".local" "initialize" "standardGeneric" "initialize" "new" "graphNEL" "<Anonymous>" "standardGeneric" "<Anonymous>" "searchSubnet" 
"validObject" ".local" "initialize" "standardGeneric" "initialize" "new" "graphNEL" "<Anonymous>" "standardGeneric" "<Anonymous>" "searchSubnet" 
"runif" "searchSubnet" 
"apply" "is.data.frame" "colnames" "searchSubnet" 
"[<-" "[<-.data.frame" "[<-" "searchSubnet" 
"[.factor" "[" "[.data.frame" "[" "searchSubnet" 
"searchSubnet" 
"all" "[.data.frame" "[" "searchSubnet" 
"apply" "is.data.frame" "colnames" "searchSubnet" 
"anyDuplicated" "[<-.data.frame" "[<-" "searchSubnet" 
"vapply" "[<-.data.frame" "[<-" "searchSubnet" 
"vapply" "[<-.data.frame" "[<-" "searchSubnet" 
"match" "%in%" "[[.data.frame" "[[" "[.data.frame" "[" "searchSubnet" 
"standardGeneric" "nodes" "<Anonymous>" "standardGeneric" "<Anonymous>" "searchSubnet" 
"levels" "noNA.levels" "Ops.factor" "==" "which" "[.data.frame" "[" "searchSubnet" 
"names" "names" "[.data.frame" "[" "searchSubnet" 
"match" "possibleExtends" "is" "isClassDef" "isVirtualClass" "getObjectSlots" "isUpToDate" "edgemode" "standardGeneric" "edgemode" ".local" "initialize" "standardGeneric" "initialize" "new" "graphNEL" "<Anonymous>" "standardGeneric" "<Anonymous>" "searchSubnet" 
"[.data.frame" "[" "searchSubnet" 
"Ops.factor" "==" "which" "[.data.frame" "[" "searchSubnet" 
"sys.call" "match" "%in%" "[[.data.frame" "[[" "$.data.frame" "$" "searchSubnet" 
"unique.default" "unique" "sample" "searchSubnet" 
"NextMethod" "Ops.factor" "==" "which" "[.data.frame" "[" "searchSubnet" 
"possibleExtends" "checkAtAssignment" ".local" "initialize" "standardGeneric" "initialize" "new" "graphNEL" "<Anonymous>" "standardGeneric" "<Anonymous>" "searchSubnet" 
"match" "%in%" "[<-.data.frame" "[<-" "searchSubnet" 
"[[.data.frame" "[[" "$.data.frame" "$" "searchSubnet" 
"el" "possibleExtends" "is" "isUpToDate" "edgemode" "standardGeneric" "edgemode" ".local" "initialize" "standardGeneric" "initialize" "new" "graphNEL" "<Anonymous>" "standardGeneric" "<Anonymous>" "searchSubnet" 
"standardGeneric" "acc" "<Anonymous>" "standardGeneric" "<Anonymous>" "searchSubnet" 
"[.data.frame" "[" "searchSubnet" 
"grep" "checkValidNodeName" ".local" "initialize" "standardGeneric" "initialize" "new" "graphNEL" "<Anonymous>" "standardGeneric" "<Anonymous>" "searchSubnet" 
"[[" "[.data.frame" "[" "mean" "searchSubnet" 
"match" "possibleExtends" "is" "slotNames" "isUpToDate" "edgemode" "standardGeneric" "edgemode" ".local" "initialize" "standardGeneric" "initialize" "new" "graphNEL" "<Anonymous>" "standardGeneric" "<Anonymous>" "searchSubnet" 
"match" "possibleExtends" "is" "getObjectSlots" "isUpToDate" "edgemode" "standardGeneric" "edgemode" ".local" "initialize" "standardGeneric" "initialize" "new" "graphNEL" "<Anonymous>" "standardGeneric" "<Anonymous>" "searchSubnet" 
"checkAtAssignment" ".local" "initialize" "standardGeneric" "initialize" "new" "graphNEL" "<Anonymous>" "standardGeneric" "<Anonymous>" "searchSubnet" 
"possibleExtends" "is" "validObject" ".local" "initialize" "standardGeneric" "initialize" "new" "graphNEL" "<Anonymous>" "standardGeneric" "<Anonymous>" "searchSubnet" 
"unname" "edgeParser" ".local" "initialize" "standardGeneric" "initialize" "new" "graphNEL" "<Anonymous>" "standardGeneric" "<Anonymous>" "searchSubnet" 
"NextMethod" "Ops.factor" "==" "which" "[.data.frame" "[" "searchSubnet" 
"validGraph" "validityMethod" "anyStrings" "validObject" ".local" "initialize" "standardGeneric" "initialize" "new" "graphNEL" "<Anonymous>" "standardGeneric" "<Anonymous>" "searchSubnet" 
"==" "[.data.frame" "[" "searchSubnet" 
"sample.int" "sample" "searchSubnet" 
"names" "match" "%in%" "[[.data.frame" "[[" "$.data.frame" "$" "[.data.frame" "[" "searchSubnet" 
"match" "%in%" "[[.data.frame" "[[" "$.data.frame" "$" "searchSubnet" 
".identC" "possibleExtends" "is" "getObjectSlots" "isUpToDate" "edgemode" "standardGeneric" "edgemode" "validGraph" "validityMethod" "anyStrings" "validObject" ".local" "initialize" "standardGeneric" "initialize" "new" "graphNEL" "<Anonymous>" "standardGeneric" "<Anonymous>" "searchSubnet" 
"character" "anyStrings" "validObject" ".local" "initialize" "standardGeneric" "initialize" "new" "graphNEL" "<Anonymous>" "standardGeneric" "<Anonymous>" "searchSubnet" 
"is" "isUpToDate" "edgemode" "standardGeneric" "edgemode" "<Anonymous>" "standardGeneric" "<Anonymous>" "searchSubnet" 
"[.factor" "[" "[.data.frame" "[" "searchSubnet" 
"lapply" "<Anonymous>" "standardGeneric" "<Anonymous>" "searchSubnet" 
"any" "apply" "searchSubnet" 
"apply" "is.data.frame" "colnames" "searchSubnet" 
"possibleExtends" "is" "validObject" ".local" "initialize" "standardGeneric" "initialize" "new" "graphNEL" "<Anonymous>" "standardGeneric" "<Anonymous>" "searchSubnet" 
"match" "elNamed" "checkAtAssignment" "<Anonymous>" "standardGeneric" "<Anonymous>" "searchSubnet" 
"lapply" ".local" "edges" "standardGeneric" "edges" ".getAllEdges" "<Anonymous>" "standardGeneric" "<Anonymous>" "searchSubnet" 
"validObject" ".local" "initialize" "standardGeneric" "initialize" "new" "graphNEL" "<Anonymous>" "standardGeneric" "<Anonymous>" "searchSubnet" 
"standardGeneric" "edges" "validGraph" "validityMethod" "anyStrings" "validObject" ".local" "initialize" "standardGeneric" "initialize" "new" "graphNEL" "<Anonymous>" "standardGeneric" "<Anonymous>" "searchSubnet" 
"aperm" "apply" "searchSubnet" 
"vapply" "[<-.data.frame" "[<-" "searchSubnet" 
"length" "length" "[.data.frame" "[" "searchSubnet" 
"[<-.factor" "[<-" "[<-.data.frame" "[<-" "searchSubnet" 
"anyDuplicated" "[.data.frame" "[" "searchSubnet" 
".identC" "possibleExtends" "validObject" ".local" "initialize" "standardGeneric" "initialize" "new" "graphNEL" "<Anonymous>" "standardGeneric" "<Anonymous>" "searchSubnet" 
".identC" "possibleExtends" "is" "getObjectSlots" "isUpToDate" "edgemode" "standardGeneric" "edgemode" "validGraph" "validityMethod" "anyStrings" "validObject" ".local" "initialize" "standardGeneric" "initialize" "new" "graphNEL" "<Anonymous>" "standardGeneric" "<Anonymous>" "searchSubnet" 
"simplify2array" "sapply" "edgeParser" ".local" "initialize" "standardGeneric" "initialize" "new" "graphNEL" "<Anonymous>" "standardGeneric" "<Anonymous>" "searchSubnet" 
"possibleExtends" "is" "validObject" ".local" "initialize" "standardGeneric" "initialize" "new" "graphNEL" "<Anonymous>" "standardGeneric" "<Anonymous>" "searchSubnet" 
"is" "isClassDef" "isVirtualClass" "getObjectSlots" "isUpToDate" "edgemode" "standardGeneric" "edgemode" "<Anonymous>" "standardGeneric" "<Anonymous>" "searchSubnet" 
"unique" "setdiff" "validGraph" "validityMethod" "anyStrings" "validObject" ".local" "initialize" "standardGeneric" "initialize" "new" "graphNEL" "<Anonymous>" "standardGeneric" "<Anonymous>" "searchSubnet" 
"acc" "standardGeneric" "acc" "<Anonymous>" "standardGeneric" "<Anonymous>" "searchSubnet" 
"possibleExtends" "is" "isUpToDate" "edgemode" "standardGeneric" "edgemode" "<Anonymous>" "standardGeneric" "<Anonymous>" "searchSubnet" 
"<Anonymous>" "standardGeneric" "<Anonymous>" "searchSubnet" 
"[.data.frame" "[" "searchSubnet" 
"match" "possibleExtends" "is" "slotNames" "isUpToDate" "edgemode" "standardGeneric" "edgemode" "<Anonymous>" "standardGeneric" "<Anonymous>" "searchSubnet" 
"[[.data.frame" "[[" "$.data.frame" "$" "searchSubnet" 
"%in%" "[[.data.frame" "[[" "$.data.frame" "$" "which" "[.data.frame" "[" "searchSubnet" 
"as.vector" "setequal" "isUpToDate" "edgemode" "standardGeneric" "edgemode" "<Anonymous>" "standardGeneric" "<Anonymous>" "searchSubnet" 
"apply" "searchSubnet" 
"new" "graphNEL" "<Anonymous>" "standardGeneric" "<Anonymous>" "searchSubnet" 
"<Anonymous>" "[[.data.frame" "[[" "[.data.frame" "[" "searchSubnet" 
"noNA.levels" "Ops.factor" "==" "which" "[<-.data.frame" "[<-" "searchSubnet" 
"sys.call" "match" "%in%" "[[.data.frame" "[[" "$.data.frame" "$" "searchSubnet" 
"getClassDef" "is" "validObject" ".local" "initialize" "standardGeneric" "initialize" "new" "graphNEL" "<Anonymous>" "standardGeneric" "<Anonymous>" "searchSubnet" 
".local" "initialize" "standardGeneric" "initialize" "new" "graphNEL" "<Anonymous>" "standardGeneric" "<Anonymous>" "searchSubnet" 
"unname" "edgeParser" ".local" "initialize" "standardGeneric" "initialize" "new" "graphNEL" "<Anonymous>" "standardGeneric" "<Anonymous>" "searchSubnet" 
"[.data.frame" "[" "mean" "searchSubnet" 
"as.vector" "setdiff" "validGraph" "validityMethod" "anyStrings" "validObject" ".local" "initialize" "standardGeneric" "initialize" "new" "graphNEL" "<Anonymous>" "standardGeneric" "<Anonymous>" "searchSubnet" 
"is" "getObjectSlots" "isUpToDate" "edgemode" "standardGeneric" "edgemode" "<Anonymous>" "standardGeneric" "<Anonymous>" "searchSubnet" 
"match.fun" "vapply" "[<-.data.frame" "[<-" "searchSubnet" 
"sys.call" "match" "%in%" "[[.data.frame" "[[" "[.data.frame" "[" "match" "%in%" "searchSubnet" 
"tryCatch" "try" "validObject" ".local" "initialize" "standardGeneric" "initialize" "new" "graphNEL" "<Anonymous>" "standardGeneric" "<Anonymous>" "searchSubnet" 
"oldClass" "$<-.data.frame" "$<-" "searchSubnet" 
"match" "possibleExtends" "is" "validObject" ".local" "initialize" "standardGeneric" "initialize" "new" "graphNEL" "<Anonymous>" "standardGeneric" "<Anonymous>" "searchSubnet" 
"match" "%in%" "[.data.frame" "[" "searchSubnet" 
"lapply" ".local" "edges" "standardGeneric" "edges" "lapply" "<Anonymous>" "standardGeneric" "<Anonymous>" "searchSubnet" 
"names" "names" "[.data.frame" "[" "searchSubnet" 
"[.data.frame" "[" "searchSubnet" 
"[[" "$.data.frame" "$" "searchSubnet" 
"names" "names" "[.data.frame" "[" "match" "%in%" "searchSubnet" 
"is" "getObjectSlots" "isUpToDate" "edgemode" "standardGeneric" "edgemode" ".local" "initialize" "standardGeneric" "initialize" "new" "graphNEL" "<Anonymous>" "standardGeneric" "<Anonymous>" "searchSubnet" 
"@<-" "<Anonymous>" "standardGeneric" "<Anonymous>" "searchSubnet" 
"levels" "noNA.levels" "Ops.factor" "==" "which" "[<-.data.frame" "[<-" "searchSubnet" 
"<Anonymous>" "standardGeneric" "<Anonymous>" "searchSubnet" 
"[.factor" "[" "[.data.frame" "[" "searchSubnet" 
"match" "possibleExtends" "is" "isClassDef" "isVirtualClass" "getObjectSlots" "isUpToDate" "edgemode" "standardGeneric" "edgemode" ".local" "initialize" "standardGeneric" "initialize" "new" "graphNEL" "<Anonymous>" "standardGeneric" "<Anonymous>" "searchSubnet" 
"[.factor" "[" "[.data.frame" "[" "searchSubnet" 
"[[.data.frame" "[[" "[.data.frame" "[" "searchSubnet" 
"match" "%in%" "[.data.frame" "[" "searchSubnet" 
"levels" "[<-.factor" "[<-" "[<-.data.frame" "[<-" "searchSubnet" 
".getClassFromCache" "getClassDef" "is" "slotNames" "isUpToDate" "edgemode" "standardGeneric" "edgemode" "<Anonymous>" "standardGeneric" "<Anonymous>" "searchSubnet" 
"[[" "[.data.frame" "[" "searchSubnet" 
"<Anonymous>" "standardGeneric" "<Anonymous>" "searchSubnet" 
"standardGeneric" "initialize" "new" "graphNEL" "<Anonymous>" "standardGeneric" "<Anonymous>" "searchSubnet" 
"edgeParser" ".local" "initialize" "standardGeneric" "initialize" "new" "graphNEL" "<Anonymous>" "standardGeneric" "<Anonymous>" "searchSubnet" 
"dim" "dim" "[<-.data.frame" "[<-" "searchSubnet" 
"FUN" "lapply" ".local" "edges" "standardGeneric" "edges" "lapply" "<Anonymous>" "standardGeneric" "<Anonymous>" "searchSubnet" 
"apply" "searchSubnet" 
"apply" "is.data.frame" "colnames" "searchSubnet" 
"length" "is" "getObjectSlots" "isUpToDate" "edgemode" "standardGeneric" "edgemode" ".local" "initialize" "standardGeneric" "initialize" "new" "graphNEL" "<Anonymous>" "standardGeneric" "<Anonymous>" "searchSubnet" 
"searchSubnet" 
"match" "elNamed" "checkAtAssignment" ".local" "initialize" "standardGeneric" "initialize" "new" "graphNEL" "<Anonymous>" "standardGeneric" "<Anonymous>" "searchSubnet" 
"as.character" "as.character" "searchSubnet" 
".local" "nodes" "standardGeneric" "nodes" "<Anonymous>" "standardGeneric" "<Anonymous>" "searchSubnet" 
"edgeParser" ".local" "initialize" "standardGeneric" "initialize" "new" "graphNEL" "<Anonymous>" "standardGeneric" "<Anonymous>" "searchSubnet" 
"isBaseNamespace" "getExportedValue" "::" "searchSubnet" 
"any" "noNA.levels" "Ops.factor" "==" "which" "[<-.data.frame" "[<-" "searchSubnet" 
"apply" "searchSubnet" 
"NextMethod" "Ops.factor" "==" "which" "[.data.frame" "[" "searchSubnet" 
"[.factor" "[" "[.data.frame" "[" "searchSubnet" 
"<Anonymous>" "[[.data.frame" "[[" "[.data.frame" "[" "searchSubnet" 
"<Anonymous>" "[[.data.frame" "[[" "[.data.frame" "[" "match" "%in%" "searchSubnet" 
"[.data.frame" "[" "searchSubnet" 
"searchSubnet" 
"duplicated.default" "duplicated" "edgeParser" ".local" "initialize" "standardGeneric" "initialize" "new" "graphNEL" "<Anonymous>" "standardGeneric" "<Anonymous>" "searchSubnet" 
"try" "validObject" ".local" "initialize" "standardGeneric" "initialize" "new" "graphNEL" "<Anonymous>" "standardGeneric" "<Anonymous>" "searchSubnet" 
"standardGeneric" "initialize" "new" "graphNEL" "<Anonymous>" "standardGeneric" "<Anonymous>" "searchSubnet" 
".identC" "is" "getObjectSlots" "isUpToDate" "edgemode" "standardGeneric" "edgemode" "validGraph" "validityMethod" "anyStrings" "validObject" ".local" "initialize" "standardGeneric" "initialize" "new" "graphNEL" "<Anonymous>" "standardGeneric" "<Anonymous>" "searchSubnet" 
"<Anonymous>" "[[.data.frame" "[[" "[.data.frame" "[" "mean" "searchSubnet" 
"anyDuplicated" "[<-.data.frame" "[<-" "searchSubnet" 
"apply" "is.data.frame" "colnames" "searchSubnet" 
"%in%" "[.data.frame" "[" "searchSubnet" 
"[.data.frame" "[" "searchSubnet" 
"$.data.frame" "$" "[.data.frame" "[" "mean" "searchSubnet" 
"[" "match" "%in%" "searchSubnet" 
"NextMethod" "Ops.factor" "==" "which" "[.data.frame" "[" "searchSubnet" 
"aperm" "apply" "searchSubnet" 
"max" "[<-.data.frame" "[<-" "searchSubnet" 
"names" "names" "[.data.frame" "[" "searchSubnet" 
"[.data.frame" "[" "searchSubnet" 
"%in%" "[[.data.frame" "[[" "[.data.frame" "[" "match" "%in%" "searchSubnet" 
"match" "<Anonymous>" "standardGeneric" "<Anonymous>" "searchSubnet" 
"match.fun" "lapply" ".local" "edges" "standardGeneric" "edges" "lapply" "<Anonymous>" "standardGeneric" "<Anonymous>" "searchSubnet" 
"apply" "is.data.frame" "colnames" "searchSubnet" 
"anyDuplicated" "[.data.frame" "[" "mean" "searchSubnet" 
"[[.data.frame" "[[" "[.data.frame" "[" "searchSubnet" 
".local" "nodes" "standardGeneric" "nodes" "<Anonymous>" "standardGeneric" "<Anonymous>" "searchSubnet" 
"initialize" "new" "graphNEL" "<Anonymous>" "standardGeneric" "<Anonymous>" "searchSubnet" 
"<Anonymous>" "[[.data.frame" "[[" "[.data.frame" "[" "mean" "searchSubnet" 
"validObject" ".local" "initialize" "standardGeneric" "initialize" "new" "graphNEL" "<Anonymous>" "standardGeneric" "<Anonymous>" "searchSubnet" 
".identC" "is" "slotNames" "isUpToDate" "edgemode" "standardGeneric" "edgemode" "<Anonymous>" "standardGeneric" "<Anonymous>" "searchSubnet" 
"[[.data.frame" "[[" "$.data.frame" "$" "[.data.frame" "[" "match" "%in%" "searchSubnet" 
"FUN" "lapply" ".local" "edges" "standardGeneric" "edges" "lapply" "<Anonymous>" "standardGeneric" "<Anonymous>" "searchSubnet" 
"possibleExtends" "is" "slotNames" "isUpToDate" "edgemode" "standardGeneric" "edgemode" "<Anonymous>" "standardGeneric" "<Anonymous>" "searchSubnet" 
"aperm.default" "aperm" "apply" "searchSubnet" 
"sys.call" "match" "%in%" "[[.data.frame" "[[" "[.data.frame" "[" "searchSubnet" 
".local" "initialize" "standardGeneric" "initialize" "new" "graphNEL" "<Anonymous>" "standardGeneric" "<Anonymous>" "searchSubnet" 
"is.na" "is.na" "Ops.factor" "==" "which" "[.data.frame" "[" "searchSubnet" 
"names" "[.data.frame" "[" "searchSubnet" 
"match" "%in%" "[.data.frame" "[" "mean" "searchSubnet" 
"<Anonymous>" "[[.data.frame" "[[" "[.data.frame" "[" "match" "%in%" "searchSubnet" 
"Ops.factor" "==" "which" "[.data.frame" "[" "searchSubnet" 
"standardGeneric" "initialize" "new" "graphNEL" "<Anonymous>" "standardGeneric" "<Anonymous>" "searchSubnet" 
"[[.data.frame" "[[" "[.data.frame" "[" "searchSubnet" 
".getClassFromCache" "getClassDef" "is" "isUpToDate" "edgemode" "standardGeneric" "edgemode" "<Anonymous>" "standardGeneric" "<Anonymous>" "searchSubnet" 
"standardGeneric" "numNodes" "acc" "standardGeneric" "acc" "<Anonymous>" "standardGeneric" "<Anonymous>" "searchSubnet" 
"<Anonymous>" "standardGeneric" "<Anonymous>" "searchSubnet" 
"mean" "searchSubnet" 
"match" "%in%" "[[.data.frame" "[[" "$.data.frame" "$" "which" "[.data.frame" "[" "searchSubnet" 
"[<-.data.frame" "[<-" "searchSubnet" 
"sample" "searchSubnet" 
"anyDuplicated.default" "anyDuplicated" "[<-.data.frame" "[<-" "searchSubnet" 
"length" "[.data.frame" "[" "searchSubnet" 
"==" "which" "[.data.frame" "[" "searchSubnet" 
"is.na" "<Anonymous>" "standardGeneric" "<Anonymous>" "searchSubnet" 
"all" "[<-.data.frame" "[<-" "searchSubnet" 
"match" "%in%" "[[.data.frame" "[[" "$.data.frame" "$" "[.data.frame" "[" "mean" "searchSubnet" 
"lengths" "apply" "searchSubnet" 
"anyDuplicated.default" "anyDuplicated" "[<-.data.frame" "[<-" "searchSubnet" 
"anyDuplicated" "[.data.frame" "[" "searchSubnet" 
"searchSubnet" 
"FUN" "lapply" ".local" "edges" "standardGeneric" "edges" "lapply" "<Anonymous>" "standardGeneric" "<Anonymous>" "searchSubnet" 
"$.data.frame" "$" "[.data.frame" "[" "searchSubnet" 
".identC" "possibleExtends" "validObject" ".local" "initialize" "standardGeneric" "initialize" "new" "graphNEL" "<Anonymous>" "standardGeneric" "<Anonymous>" "searchSubnet" 
"standardGeneric" "edges" "validGraph" "validityMethod" "anyStrings" "validObject" ".local" "initialize" "standardGeneric" "initialize" "new" "graphNEL" "<Anonymous>" "standardGeneric" "<Anonymous>" "searchSubnet" 
"[" "[.data.frame" "[" "searchSubnet" 
".getClassFromCache" "getClassDef" "validObject" ".local" "initialize" "standardGeneric" "initialize" "new" "graphNEL" "<Anonymous>" "standardGeneric" "<Anonymous>" "searchSubnet" 
"getExportedValue" "::" "searchSubnet" 
"[<-" "searchSubnet" 
"sys.call" "match" "%in%" "[[.data.frame" "[[" "$.data.frame" "$" "which" "[.data.frame" "[" "searchSubnet" 
"FUN" "apply" "is.data.frame" "colnames" "searchSubnet" 
"lapply" "<Anonymous>" "standardGeneric" "<Anonymous>" "searchSubnet" 
"any" "noNA.levels" "Ops.factor" "==" "which" "[.data.frame" "[" "searchSubnet" 
"FUN" "lapply" "<Anonymous>" "standardGeneric" "<Anonymous>" "searchSubnet" 
"doTryCatch" "tryCatchOne" "tryCatchList" "tryCatch" "try" "validObject" ".local" "initialize" "standardGeneric" "initialize" "new" "graphNEL" "<Anonymous>" "standardGeneric" "<Anonymous>" "searchSubnet" 
"isClass" "isVirtualClass" "getObjectSlots" "isUpToDate" "edgemode" "standardGeneric" "edgemode" "validGraph" "validityMethod" "anyStrings" "validObject" ".local" "initialize" "standardGeneric" "initialize" "new" "graphNEL" "<Anonymous>" "standardGeneric" "<Anonymous>" "searchSubnet" 
"==" "which" "[<-.data.frame" "[<-" "searchSubnet" 
"anyDuplicated" "[.data.frame" "[" "searchSubnet" 
"match" "%in%" "searchSubnet" 
"match" "%in%" "[[.data.frame" "[[" "[.data.frame" "[" "searchSubnet" 
"@<-" ".local" "initialize" "standardGeneric" "initialize" "new" "graphNEL" "<Anonymous>" "standardGeneric" "<Anonymous>" "searchSubnet" 
"levels" "noNA.levels" "Ops.factor" "==" "which" "[.data.frame" "[" "searchSubnet" 
"match" "possibleExtends" "is" "isClassDef" "isVirtualClass" "getObjectSlots" "isUpToDate" "edgemode" "standardGeneric" "edgemode" "<Anonymous>" "standardGeneric" "<Anonymous>" "searchSubnet" 
"tryCatchOne" "tryCatchList" "tryCatch" "try" "validObject" ".local" "initialize" "standardGeneric" "initialize" "new" "graphNEL" "<Anonymous>" "standardGeneric" "<Anonymous>" "searchSubnet" 
"checkValidNodeName" ".local" "initialize" "standardGeneric" "initialize" "new" "graphNEL" "<Anonymous>" "standardGeneric" "<Anonymous>" "searchSubnet" 
"edgemode" "standardGeneric" "edgemode" "<Anonymous>" "standardGeneric" "<Anonymous>" "searchSubnet" 
".getClassFromCache" "getClassDef" ".slotNames" "slotNames" "isUpToDate" "edgemode" "standardGeneric" "edgemode" "validGraph" "validityMethod" "anyStrings" "validObject" ".local" "initialize" "standardGeneric" "initialize" "new" "graphNEL" "<Anonymous>" "standardGeneric" "<Anonymous>" "searchSubnet" 
"[.data.frame" "[" "match" "%in%" "searchSubnet" 
"searchSubnet" 
"NextMethod" "[.factor" "[" "[.data.frame" "[" "searchSubnet" 
"unique.default" "unique" "simplify2array" "sapply" ".getAllEdges" "<Anonymous>" "standardGeneric" "<Anonymous>" "searchSubnet" 
"match" "possibleExtends" "is" "getObjectSlots" "isUpToDate" "edgemode" "standardGeneric" "edgemode" ".local" "initialize" "standardGeneric" "initialize" "new" "graphNEL" "<Anonymous>" "standardGeneric" "<Anonymous>" "searchSubnet" 
"unclass" "[<-.data.frame" "[<-" "searchSubnet" 
"standardGeneric" "nodes" "<Anonymous>" "standardGeneric" "<Anonymous>" "searchSubnet" 
".getClassFromCache" "getClassDef" "is" "getObjectSlots" "isUpToDate" "edgemode" "standardGeneric" "edgemode" "validGraph" "validityMethod" "anyStrings" "validObject" ".local" "initialize" "standardGeneric" "initialize" "new" "graphNEL" "<Anonymous>" "standardGeneric" "<Anonymous>" "searchSubnet" 
"match" "%in%" "searchSubnet" 
"nchar" "checkValidNodeName" ".local" "initialize" "standardGeneric" "initialize" "new" "graphNEL" "<Anonymous>" "standardGeneric" "<Anonymous>" "searchSubnet" 
"unlist" "simplify2array" "sapply" "validGraph" "validityMethod" "anyStrings" "validObject" ".local" "initialize" "standardGeneric" "initialize" "new" "graphNEL" "<Anonymous>" "standardGeneric" "<Anonymous>" "searchSubnet" 
"==" "which" "[.data.frame" "[" "searchSubnet" 
"getObjectSlots" "isUpToDate" "edgemode" "standardGeneric" "edgemode" ".local" "initialize" "standardGeneric" "initialize" "new" "graphNEL" "<Anonymous>" "standardGeneric" "<Anonymous>" "searchSubnet" 
"apply" "is.data.frame" "colnames" "searchSubnet" 
"lapply" "<Anonymous>" "standardGeneric" "<Anonymous>" "searchSubnet" 
"nargs" "[[.data.frame" "[[" "[.data.frame" "[" "searchSubnet" 
"apply" "is.data.frame" "colnames" "searchSubnet" 
"apply" "is.data.frame" "colnames" "searchSubnet" 
"vapply" "[<-.data.frame" "[<-" "searchSubnet" 
"match" "%in%" "[[.data.frame" "[[" "$.data.frame" "$" "mean" "searchSubnet" 
"@<-" "<Anonymous>" "standardGeneric" "<Anonymous>" "searchSubnet" 
"searchSubnet" 
"<Anonymous>" "standardGeneric" "<Anonymous>" "searchSubnet" 
"$.data.frame" "$" "which" "[<-.data.frame" "[<-" "searchSubnet" 
"length" "length" "[.data.frame" "[" "searchSubnet" 
"<Anonymous>" "standardGeneric" "<Anonymous>" "searchSubnet" 
".subset2" "<Anonymous>" "[[.data.frame" "[[" "$.data.frame" "$" "[.data.frame" "[" "mean" "searchSubnet" 
"names" "names" "match" "<Anonymous>" "standardGeneric" "<Anonymous>" "searchSubnet" 
"match" "%in%" "[[.data.frame" "[[" "[.data.frame" "[" "searchSubnet" 
"names" "names" "[.data.frame" "[" "searchSubnet" 
"unique" "simplify2array" "sapply" "validGraph" "validityMethod" "anyStrings" "validObject" ".local" "initialize" "standardGeneric" "initialize" "new" "graphNEL" "<Anonymous>" "standardGeneric" "<Anonymous>" "searchSubnet" 
"dim" "FUN" "vapply" "[<-.data.frame" "[<-" "searchSubnet" 
"length" "length" "[.data.frame" "[" "match" "%in%" "searchSubnet" 
"is.na" "Ops.factor" "==" "which" "[.data.frame" "[" "searchSubnet" 
"aperm.default" "aperm" "apply" "is.data.frame" "colnames" "searchSubnet" 
"unique.default" "unique" "simplify2array" "sapply" ".getAllEdges" "<Anonymous>" "standardGeneric" "<Anonymous>" "searchSubnet" 
"searchSubnet" 
"vapply" "[<-.data.frame" "[<-" "searchSubnet" 
"getClassDef" "is" "validGraph" "validityMethod" "anyStrings" "validObject" ".local" "initialize" "standardGeneric" "initialize" "new" "graphNEL" "<Anonymous>" "standardGeneric" "<Anonymous>" "searchSubnet" 
"possibleExtends" "is" "getObjectSlots" "isUpToDate" "edgemode" "standardGeneric" "edgemode" "<Anonymous>" "standardGeneric" "<Anonymous>" "searchSubnet" 
"!" "<Anonymous>" "standardGeneric" "<Anonymous>" "searchSubnet" 
"FUN" "lapply" ".local" "edges" "standardGeneric" "edges" "lapply" "<Anonymous>" "standardGeneric" "<Anonymous>" "searchSubnet" 
".identC" "is" "isClassDef" "isVirtualClass" "getObjectSlots" "isUpToDate" "edgemode" "standardGeneric" "edgemode" ".local" "initialize" "standardGeneric" "initialize" "new" "graphNEL" "<Anonymous>" "standardGeneric" "<Anonymous>" "searchSubnet" 
"==" "which" "[.data.frame" "[" "searchSubnet" 
"simplify2array" "sapply" "edgeParser" ".local" "initialize" "standardGeneric" "initialize" "new" "graphNEL" "<Anonymous>" "standardGeneric" "<Anonymous>" "searchSubnet" 
"sys.call" "match" "%in%" "[[.data.frame" "[[" "$.data.frame" "$" "[.data.frame" "[" "mean" "searchSubnet" 
"<Anonymous>" "[[.data.frame" "[[" "$.data.frame" "$" "[.data.frame" "[" "match" "%in%" "searchSubnet" 
"standardGeneric" "edges" "lapply" "<Anonymous>" "standardGeneric" "<Anonymous>" "searchSubnet" 
"[<-.data.frame" "[<-" "searchSubnet" 
".getNamespaceInfo" "getExportedValue" "::" "searchSubnet" 
"$.data.frame" "$" "[.data.frame" "[" "searchSubnet" 
"FUN" "lapply" ".local" "edges" "standardGeneric" "edges" "lapply" "<Anonymous>" "standardGeneric" "<Anonymous>" "searchSubnet" 
".getClassFromCache" "getClassDef" "is" "validGraph" "validityMethod" "anyStrings" "validObject" ".local" "initialize" "standardGeneric" "initialize" "new" "graphNEL" "<Anonymous>" "standardGeneric" "<Anonymous>" "searchSubnet" 
"lapply" ".local" "edges" "standardGeneric" "edges" "lapply" "<Anonymous>" "standardGeneric" "<Anonymous>" "searchSubnet" 
".requirePackage" ".classEnv" "validObject" ".local" "initialize" "standardGeneric" "initialize" "new" "graphNEL" "<Anonymous>" "standardGeneric" "<Anonymous>" "searchSubnet" 
".getClassFromCache" "getClassDef" "is" "isClassDef" "isVirtualClass" "getObjectSlots" "isUpToDate" "edgemode" "standardGeneric" "edgemode" ".local" "initialize" "standardGeneric" "initialize" "new" "graphNEL" "<Anonymous>" "standardGeneric" "<Anonymous>" "searchSubnet" 
"unlist" "simplify2array" "sapply" ".getAllEdges" "<Anonymous>" "standardGeneric" "<Anonymous>" "searchSubnet" 
"[<-.data.frame" "[<-" "searchSubnet" 
"unique.default" "unique" "simplify2array" "sapply" ".getAllEdges" "<Anonymous>" "standardGeneric" "<Anonymous>" "searchSubnet" 
"NextMethod" "[.factor" "[" "[.data.frame" "[" "searchSubnet" 
"getClassDef" "is" "getObjectSlots" "isUpToDate" "edgemode" "standardGeneric" "edgemode" "<Anonymous>" "standardGeneric" "<Anonymous>" "searchSubnet" 
"getClassDef" "is" "getObjectSlots" "isUpToDate" "edgemode" "standardGeneric" "edgemode" "<Anonymous>" "standardGeneric" "<Anonymous>" "searchSubnet" 
"checkAtAssignment" ".local" "initialize" "standardGeneric" "initialize" "new" "graphNEL" "<Anonymous>" "standardGeneric" "<Anonymous>" "searchSubnet" 
".getClassFromCache" "getClassDef" "isClass" "isVirtualClass" "getObjectSlots" "isUpToDate" "edgemode" "standardGeneric" "edgemode" "<Anonymous>" "standardGeneric" "<Anonymous>" "searchSubnet" 
"is" "isClassDef" "isVirtualClass" "getObjectSlots" "isUpToDate" "edgemode" "standardGeneric" "edgemode" ".local" "initialize" "standardGeneric" "initialize" "new" "graphNEL" "<Anonymous>" "standardGeneric" "<Anonymous>" "searchSubnet" 
"sys.call" "match" "%in%" "[.data.frame" "[" "searchSubnet" 
"FUN" "lapply" ".local" "edges" "standardGeneric" "edges" "lapply" "<Anonymous>" "standardGeneric" "<Anonymous>" "searchSubnet" 
"getClassDef" "validObject" ".local" "initialize" "standardGeneric" "initialize" "new" "graphNEL" "<Anonymous>" "standardGeneric" "<Anonymous>" "searchSubnet" 
"levels" "noNA.levels" "Ops.factor" "==" "which" "[.data.frame" "[" "searchSubnet" 
