line profiling: sample.interval=20000
#File 1: D:\PhD\signet/R/undocumentedFunctions.R
#File 2: D:\PhD\signet/R/searchSubnet.R
"lapply" ".local" "edges" "standardGeneric" "edges" "adj" "standardGeneric" "adj" "acc" "standardGeneric" "acc" "graph::connComp" "standardGeneric" "graph::connComp" "unlist" 1#205 "createSignetObject" 2#125 "searchSubnet" 
"lapply" "sapply" ".getAllEdges" "graph::subGraph" "standardGeneric" "graph::subGraph" 1#211 "createSignetObject" 2#125 "searchSubnet" 
"new" "graphNEL" "graph::subGraph" "standardGeneric" "graph::subGraph" 2#163 "searchSubnet" 
"runif" 2#204 "searchSubnet" 
"graph::connComp" "standardGeneric" "graph::connComp" 2#165 "searchSubnet" 
"lapply" "edgeParser" ".local" "initialize" "initialize" "new" "graphNEL" "graph::subGraph" "standardGeneric" "graph::subGraph" 2#163 "searchSubnet" 
"<Anonymous>" "[[.data.frame" "[[" "$.data.frame" "$" "which" "[.data.frame" 2#188 "[" 2#188 "searchSubnet" 
"names" "[.data.frame" 2#211 "[" 2#211 "searchSubnet" 
"FUN" "lapply" ".local" "edges" "standardGeneric" "edges" "lapply" "graph::subGraph" "standardGeneric" "graph::subGraph" 2#163 "searchSubnet" 
".getClassFromCache" "getClassDef" "validObject" ".local" "initialize" "initialize" "new" "graphNEL" "graph::subGraph" "standardGeneric" "graph::subGraph" 2#163 "searchSubnet" 
"Ops.factor" "==" "which" "[.data.frame" 2#211 "[" 2#211 "searchSubnet" 
".getClassFromCache" "getClassDef" "possibleExtends" "<Anonymous>" ".local" "initialize" "initialize" "new" "graphNEL" "graph::subGraph" "standardGeneric" "graph::subGraph" 2#163 "searchSubnet" 
"unlist" "validGraph" "validityMethod" "anyStrings" "validObject" ".local" "initialize" "initialize" "new" "graphNEL" "graph::subGraph" "standardGeneric" "graph::subGraph" 2#163 "searchSubnet" 
"adj" "standardGeneric" "adj" "acc" "standardGeneric" "acc" "graph::connComp" "standardGeneric" "graph::connComp" 2#165 "searchSubnet" 
"getNamespace" ".requirePackage" ".classEnv" "validObject" ".local" "initialize" "initialize" "new" "graphNEL" "graph::subGraph" "standardGeneric" "graph::subGraph" 2#163 "searchSubnet" 
"length" "length" "[<-.data.frame" 2#188 "[<-" 2#188 "searchSubnet" 
"getClassDef" ".slotNames" "slotNames" "isUpToDate" "edgemode" "standardGeneric" "edgemode" "validGraph" "validityMethod" "anyStrings" "validObject" ".local" "initialize" "initialize" "new" "graphNEL" "graph::subGraph" "standardGeneric" "graph::subGraph" 2#163 "searchSubnet" 
"[.data.frame" "[" "match" "%in%" 2#157 "searchSubnet" 
"NextMethod" "[.factor" "[" "[.data.frame" 2#188 "[" 2#188 "searchSubnet" 
"FUN" "lapply" ".local" "edges" "standardGeneric" "edges" ".getAllEdges" "graph::subGraph" "standardGeneric" "graph::subGraph" 2#163 "searchSubnet" 
